<?xml version="1.0" encoding="utf-8"?><testsuites name="pytest tests"><testsuite name="pytest" errors="0" failures="0" skipped="0" tests="14" time="1.671" timestamp="2026-05-04T04:17:44.548016+00:00" hostname="agent-env-46649c8b-0e80-48b0-a4d4-dcdb96fd32bc"><testcase classname="backend.tests.test_chore_quest.TestProfiles" name="test_list_profiles_returns_three" time="0.220" /><testcase classname="backend.tests.test_chore_quest.TestProfiles" name="test_verify_pin_correct" time="0.184" /><testcase classname="backend.tests.test_chore_quest.TestProfiles" name="test_verify_pin_wrong" time="0.044" /><testcase classname="backend.tests.test_chore_quest.TestQuests" name="test_list_quests_seeded" time="0.044" /><testcase classname="backend.tests.test_chore_quest.TestQuests" name="test_create_update_delete_quest" time="0.190" /><testcase classname="backend.tests.test_chore_quest.TestCompletions" name="test_submit_then_duplicate_blocked" time="0.220" /><testcase classname="backend.tests.test_chore_quest.TestCompletions" name="test_reject_does_not_award" time="0.182" /><testcase classname="backend.tests.test_chore_quest.TestStreakBonus" name="test_streak_milestone_3_grants_spin_and_bonus_xp" time="0.137" /><testcase classname="backend.tests.test_chore_quest.TestWheel" name="test_spin_with_zero_fails" time="0.044" /><testcase classname="backend.tests.test_chore_quest.TestWheel" name="test_spin_with_one_works" time="0.047" /><testcase classname="backend.tests.test_chore_quest.TestPayouts" name="test_payout_decrements_gold" time="0.056" /><testcase classname="backend.tests.test_chore_quest.TestPayouts" name="test_payout_exceeds_gold_fails" time="0.043" /><testcase classname="backend.tests.test_chore_quest.TestStats" name="test_leaderboard_only_kids_sorted" time="0.049" /><testcase classname="backend.tests.test_chore_quest.TestStats" name="test_stats_overview" time="0.053" /></testsuite></testsuites>