<?xml version="1.0" encoding="utf-8"?><testsuites name="pytest tests"><testsuite name="pytest" errors="0" failures="0" skipped="0" tests="22" time="46.338" timestamp="2026-05-04T05:00:42.305477+00:00" hostname="agent-env-46649c8b-0e80-48b0-a4d4-dcdb96fd32bc"><testcase classname="backend.tests.test_chore_quest.TestProfiles" name="test_list_profiles_returns_three" time="0.235" /><testcase classname="backend.tests.test_chore_quest.TestProfiles" name="test_verify_pin_correct" time="0.186" /><testcase classname="backend.tests.test_chore_quest.TestProfiles" name="test_verify_pin_wrong" time="0.042" /><testcase classname="backend.tests.test_chore_quest.TestQuests" name="test_list_quests_seeded" time="0.044" /><testcase classname="backend.tests.test_chore_quest.TestQuests" name="test_create_update_delete_quest" time="0.183" /><testcase classname="backend.tests.test_chore_quest.TestCompletions" name="test_submit_then_duplicate_blocked" time="0.223" /><testcase classname="backend.tests.test_chore_quest.TestCompletions" name="test_reject_does_not_award" time="0.186" /><testcase classname="backend.tests.test_chore_quest.TestStreakBonus" name="test_streak_milestone_3_grants_spin_and_bonus_xp" time="0.148" /><testcase classname="backend.tests.test_chore_quest.TestWheel" name="test_spin_with_zero_fails" time="0.046" /><testcase classname="backend.tests.test_chore_quest.TestWheel" name="test_spin_with_one_works" time="0.043" /><testcase classname="backend.tests.test_chore_quest.TestPayouts" name="test_payout_decrements_gold" time="0.045" /><testcase classname="backend.tests.test_chore_quest.TestPayouts" name="test_payout_exceeds_gold_fails" time="0.044" /><testcase classname="backend.tests.test_chore_quest.TestStats" name="test_leaderboard_only_kids_sorted" time="0.042" /><testcase classname="backend.tests.test_chore_quest.TestStats" name="test_stats_overview" time="0.045" /><testcase classname="backend.tests.test_new_features.TestChangePin" name="test_change_pin_wrong_boss_pin_401" time="0.177" /><testcase classname="backend.tests.test_new_features.TestChangePin" name="test_change_pin_invalid_format_400" time="0.092" /><testcase classname="backend.tests.test_new_features.TestChangePin" name="test_change_pin_success_and_verify" time="0.261" /><testcase classname="backend.tests.test_new_features.TestPhotoQuests" name="test_get_quest_has_photo_required" time="0.089" /><testcase classname="backend.tests.test_new_features.TestPhotoQuests" name="test_patch_photo_required_toggle" time="0.090" /><testcase classname="backend.tests.test_new_features.TestPhotoQuests" name="test_submit_without_photo_fails_400" time="0.044" /><testcase classname="backend.tests.test_new_features.TestPhotoQuests" name="test_submit_with_photo_succeeds" time="0.092" /><testcase classname="backend.tests.test_new_features.TestAvatarGen" name="test_generate_avatar_and_clear" time="43.816" /></testsuite></testsuites>